<?xml version="1.0" encoding="UTF-8"?>
<testsuite name="jpashop.jpapractice.domain.service.OrderServiceTest" tests="3" skipped="0" failures="0" errors="0" timestamp="2023-03-08T16:09:43" hostname="dongjunui-MacBookPro.local" time="0.044">
  <properties/>
  <testcase name="상품주문_재고수량초과()" classname="jpashop.jpapractice.domain.service.OrderServiceTest" time="0.012"/>
  <testcase name="상품주문()" classname="jpashop.jpapractice.domain.service.OrderServiceTest" time="0.013"/>
  <testcase name="주문취소()" classname="jpashop.jpapractice.domain.service.OrderServiceTest" time="0.017"/>
  <system-out><![CDATA[2023-03-09 01:09:43.153  INFO 1904 --- [    Test worker] .b.t.c.SpringBootTestContextBootstrapper : Neither @ContextConfiguration nor @ContextHierarchy found for test class [jpashop.jpapractice.domain.service.OrderServiceTest], using SpringBootContextLoader
2023-03-09 01:09:43.153  INFO 1904 --- [    Test worker] o.s.t.c.support.AbstractContextLoader    : Could not detect default resource locations for test class [jpashop.jpapractice.domain.service.OrderServiceTest]: no resource found for suffixes {-context.xml, Context.groovy}.
2023-03-09 01:09:43.153  INFO 1904 --- [    Test worker] t.c.s.AnnotationConfigContextLoaderUtils : Could not detect default configuration classes for test class [jpashop.jpapractice.domain.service.OrderServiceTest]: OrderServiceTest does not declare any static, non-private, non-final, nested classes annotated with @Configuration.
2023-03-09 01:09:43.154  INFO 1904 --- [    Test worker] .b.t.c.SpringBootTestContextBootstrapper : Found @SpringBootConfiguration jpashop.jpapractice.JpapracticeApplication for test class jpashop.jpapractice.domain.service.OrderServiceTest
2023-03-09 01:09:43.154  INFO 1904 --- [    Test worker] .b.t.c.SpringBootTestContextBootstrapper : Loaded default TestExecutionListener class names from location [META-INF/spring.factories]: [org.springframework.boot.test.autoconfigure.restdocs.RestDocsTestExecutionListener, org.springframework.boot.test.autoconfigure.web.client.MockRestServiceServerResetTestExecutionListener, org.springframework.boot.test.autoconfigure.web.servlet.MockMvcPrintOnlyOnFailureTestExecutionListener, org.springframework.boot.test.autoconfigure.web.servlet.WebDriverTestExecutionListener, org.springframework.boot.test.autoconfigure.webservices.client.MockWebServiceServerTestExecutionListener, org.springframework.boot.test.mock.mockito.MockitoTestExecutionListener, org.springframework.boot.test.mock.mockito.ResetMocksTestExecutionListener, org.springframework.test.context.web.ServletTestExecutionListener, org.springframework.test.context.support.DirtiesContextBeforeModesTestExecutionListener, org.springframework.test.context.event.ApplicationEventsTestExecutionListener, org.springframework.test.context.support.DependencyInjectionTestExecutionListener, org.springframework.test.context.support.DirtiesContextTestExecutionListener, org.springframework.test.context.transaction.TransactionalTestExecutionListener, org.springframework.test.context.jdbc.SqlScriptsTestExecutionListener, org.springframework.test.context.event.EventPublishingTestExecutionListener]
2023-03-09 01:09:43.154  INFO 1904 --- [    Test worker] .b.t.c.SpringBootTestContextBootstrapper : Using TestExecutionListeners: [org.springframework.test.context.web.ServletTestExecutionListener@40f53ea, org.springframework.test.context.support.DirtiesContextBeforeModesTestExecutionListener@5a1216b0, org.springframework.test.context.event.ApplicationEventsTestExecutionListener@5c4404dd, org.springframework.boot.test.mock.mockito.MockitoTestExecutionListener@76a2db3f, org.springframework.boot.test.autoconfigure.SpringBootDependencyInjectionTestExecutionListener@8cc5602, org.springframework.test.context.support.DirtiesContextTestExecutionListener@4221663d, org.springframework.test.context.transaction.TransactionalTestExecutionListener@3ebfe048, org.springframework.test.context.jdbc.SqlScriptsTestExecutionListener@5e24af83, org.springframework.test.context.event.EventPublishingTestExecutionListener@34329e03, org.springframework.boot.test.autoconfigure.restdocs.RestDocsTestExecutionListener@7d6b0636, org.springframework.boot.test.autoconfigure.web.client.MockRestServiceServerResetTestExecutionListener@3c971473, org.springframework.boot.test.autoconfigure.web.servlet.MockMvcPrintOnlyOnFailureTestExecutionListener@47b4fcd5, org.springframework.boot.test.autoconfigure.web.servlet.WebDriverTestExecutionListener@67d6b0a6, org.springframework.boot.test.autoconfigure.webservices.client.MockWebServiceServerTestExecutionListener@42a940dc, org.springframework.boot.test.mock.mockito.ResetMocksTestExecutionListener@4619e076]
2023-03-09 01:09:43.156  INFO 1904 --- [    Test worker] o.s.t.c.transaction.TransactionContext   : Began transaction (1) for test context [DefaultTestContext@751e7d99 testClass = OrderServiceTest, testInstance = jpashop.jpapractice.domain.service.OrderServiceTest@c3df740, testMethod = 상품주문_재고수량초과@OrderServiceTest, testException = [null], mergedContextConfiguration = [WebMergedContextConfiguration@297c0311 testClass = OrderServiceTest, locations = '{}', classes = '{class jpashop.jpapractice.JpapracticeApplication}', contextInitializerClasses = '[]', activeProfiles = '{}', propertySourceLocations = '{}', propertySourceProperties = '{org.springframework.boot.test.context.SpringBootTestContextBootstrapper=true}', contextCustomizers = set[org.springframework.boot.test.autoconfigure.actuate.metrics.MetricsExportContextCustomizerFactory$DisableMetricExportContextCustomizer@5f9be66c, org.springframework.boot.test.autoconfigure.properties.PropertyMappingContextCustomizer@0, org.springframework.boot.test.autoconfigure.web.servlet.WebDriverContextCustomizerFactory$Customizer@54e7df6a, org.springframework.boot.test.context.filter.ExcludeFilterContextCustomizer@64bce832, org.springframework.boot.test.json.DuplicateJsonObjectContextCustomizerFactory$DuplicateJsonObjectContextCustomizer@7ae42ce3, org.springframework.boot.test.mock.mockito.MockitoContextCustomizer@0, org.springframework.boot.test.web.client.TestRestTemplateContextCustomizer@ab7395e, org.springframework.boot.test.context.SpringBootTestArgs@1, org.springframework.boot.test.context.SpringBootTestWebEnvironment@11c9af63], resourceBasePath = 'src/main/webapp', contextLoader = 'org.springframework.boot.test.context.SpringBootContextLoader', parent = [null]], attributes = map['org.springframework.test.context.web.ServletTestExecutionListener.activateListener' -> true, 'org.springframework.test.context.web.ServletTestExecutionListener.populatedRequestContextHolder' -> true, 'org.springframework.test.context.web.ServletTestExecutionListener.resetRequestContextHolder' -> true, 'org.springframework.test.context.event.ApplicationEventsTestExecutionListener.recordApplicationEvents' -> false]]; transaction manager [org.springframework.orm.jpa.JpaTransactionManager@7524125c]; rollback [true]
2023-03-09 01:09:43.156 DEBUG 1904 --- [    Test worker] org.hibernate.SQL                        : call next value for hibernate_sequence
2023-03-09 01:09:43.157  INFO 1904 --- [    Test worker] p6spy                                    : #1678291783157 | took 0ms | statement | connection 8| url jdbc:h2:tcp://localhost/~/jpapractice
call next value for hibernate_sequence
call next value for hibernate_sequence;
2023-03-09 01:09:43.157 DEBUG 1904 --- [    Test worker] org.hibernate.SQL                        : call next value for hibernate_sequence
2023-03-09 01:09:43.157  INFO 1904 --- [    Test worker] p6spy                                    : #1678291783157 | took 0ms | statement | connection 8| url jdbc:h2:tcp://localhost/~/jpapractice
call next value for hibernate_sequence
call next value for hibernate_sequence;
2023-03-09 01:09:43.160 DEBUG 1904 --- [    Test worker] org.hibernate.SQL                        : insert into member (created_date, updated_date, created_by, last_modified_by, city, street, zipcode, name, member_id) values (?, ?, ?, ?, ?, ?, ?, ?, ?)
2023-03-09 01:09:43.161  INFO 1904 --- [    Test worker] p6spy                                    : #1678291783161 | took 0ms | statement | connection 8| url jdbc:h2:tcp://localhost/~/jpapractice
insert into member (created_date, updated_date, created_by, last_modified_by, city, street, zipcode, name, member_id) values (?, ?, ?, ?, ?, ?, ?, ?, ?)
insert into member (created_date, updated_date, created_by, last_modified_by, city, street, zipcode, name, member_id) values ('2023-03-09T01:09:43.156+0900', '2023-03-09T01:09:43.156+0900', NULL, NULL, '서울', '강가', '123-123', '회원1', 18);
2023-03-09 01:09:43.161 DEBUG 1904 --- [    Test worker] org.hibernate.SQL                        : insert into item (name, price, stock_quantity, author, isbn, dtype, item_id) values (?, ?, ?, ?, ?, 'Book', ?)
2023-03-09 01:09:43.161  INFO 1904 --- [    Test worker] p6spy                                    : #1678291783161 | took 0ms | statement | connection 8| url jdbc:h2:tcp://localhost/~/jpapractice
insert into item (name, price, stock_quantity, author, isbn, dtype, item_id) values (?, ?, ?, ?, ?, 'Book', ?)
insert into item (name, price, stock_quantity, author, isbn, dtype, item_id) values ('시골 JPA', 10000, 10, NULL, NULL, 'Book', 19);
2023-03-09 01:09:43.162 DEBUG 1904 --- [    Test worker] org.hibernate.SQL                        : select member0_.member_id as member_i1_4_, member0_.created_date as created_2_4_, member0_.updated_date as updated_3_4_, member0_.created_by as created_4_4_, member0_.last_modified_by as last_mod5_4_, member0_.city as city6_4_, member0_.street as street7_4_, member0_.zipcode as zipcode8_4_, member0_.name as name9_4_ from member member0_ where member0_.member_id=?
2023-03-09 01:09:43.162  INFO 1904 --- [    Test worker] p6spy                                    : #1678291783162 | took 0ms | statement | connection 8| url jdbc:h2:tcp://localhost/~/jpapractice
select member0_.member_id as member_i1_4_, member0_.created_date as created_2_4_, member0_.updated_date as updated_3_4_, member0_.created_by as created_4_4_, member0_.last_modified_by as last_mod5_4_, member0_.city as city6_4_, member0_.street as street7_4_, member0_.zipcode as zipcode8_4_, member0_.name as name9_4_ from member member0_ where member0_.member_id=?
select member0_.member_id as member_i1_4_, member0_.created_date as created_2_4_, member0_.updated_date as updated_3_4_, member0_.created_by as created_4_4_, member0_.last_modified_by as last_mod5_4_, member0_.city as city6_4_, member0_.street as street7_4_, member0_.zipcode as zipcode8_4_, member0_.name as name9_4_ from member member0_ where member0_.member_id=18;
2023-03-09 01:09:43.164 DEBUG 1904 --- [    Test worker] org.hibernate.SQL                        : select item0_.item_id as item_id2_3_, item0_.name as name3_3_, item0_.price as price4_3_, item0_.stock_quantity as stock_qu5_3_, item0_.artist as artist6_3_, item0_.etc as etc7_3_, item0_.author as author8_3_, item0_.isbn as isbn9_3_, item0_.actor as actor10_3_, item0_.director as directo11_3_, item0_.dtype as dtype1_3_ from item item0_ where item0_.item_id=?
2023-03-09 01:09:43.165  INFO 1904 --- [    Test worker] p6spy                                    : #1678291783165 | took 0ms | statement | connection 8| url jdbc:h2:tcp://localhost/~/jpapractice
select item0_.item_id as item_id2_3_, item0_.name as name3_3_, item0_.price as price4_3_, item0_.stock_quantity as stock_qu5_3_, item0_.artist as artist6_3_, item0_.etc as etc7_3_, item0_.author as author8_3_, item0_.isbn as isbn9_3_, item0_.actor as actor10_3_, item0_.director as directo11_3_, item0_.dtype as dtype1_3_ from item item0_ where item0_.item_id=?
select item0_.item_id as item_id2_3_, item0_.name as name3_3_, item0_.price as price4_3_, item0_.stock_quantity as stock_qu5_3_, item0_.artist as artist6_3_, item0_.etc as etc7_3_, item0_.author as author8_3_, item0_.isbn as isbn9_3_, item0_.actor as actor10_3_, item0_.director as directo11_3_, item0_.dtype as dtype1_3_ from item item0_ where item0_.item_id=19;
2023-03-09 01:09:43.166  INFO 1904 --- [    Test worker] p6spy                                    : #1678291783166 | took 0ms | rollback | connection 8| url jdbc:h2:tcp://localhost/~/jpapractice

;
2023-03-09 01:09:43.167  INFO 1904 --- [    Test worker] o.s.t.c.transaction.TransactionContext   : Rolled back transaction for test: [DefaultTestContext@751e7d99 testClass = OrderServiceTest, testInstance = jpashop.jpapractice.domain.service.OrderServiceTest@c3df740, testMethod = 상품주문_재고수량초과@OrderServiceTest, testException = [null], mergedContextConfiguration = [WebMergedContextConfiguration@297c0311 testClass = OrderServiceTest, locations = '{}', classes = '{class jpashop.jpapractice.JpapracticeApplication}', contextInitializerClasses = '[]', activeProfiles = '{}', propertySourceLocations = '{}', propertySourceProperties = '{org.springframework.boot.test.context.SpringBootTestContextBootstrapper=true}', contextCustomizers = set[org.springframework.boot.test.autoconfigure.actuate.metrics.MetricsExportContextCustomizerFactory$DisableMetricExportContextCustomizer@5f9be66c, org.springframework.boot.test.autoconfigure.properties.PropertyMappingContextCustomizer@0, org.springframework.boot.test.autoconfigure.web.servlet.WebDriverContextCustomizerFactory$Customizer@54e7df6a, org.springframework.boot.test.context.filter.ExcludeFilterContextCustomizer@64bce832, org.springframework.boot.test.json.DuplicateJsonObjectContextCustomizerFactory$DuplicateJsonObjectContextCustomizer@7ae42ce3, org.springframework.boot.test.mock.mockito.MockitoContextCustomizer@0, org.springframework.boot.test.web.client.TestRestTemplateContextCustomizer@ab7395e, org.springframework.boot.test.context.SpringBootTestArgs@1, org.springframework.boot.test.context.SpringBootTestWebEnvironment@11c9af63], resourceBasePath = 'src/main/webapp', contextLoader = 'org.springframework.boot.test.context.SpringBootContextLoader', parent = [null]], attributes = map['org.springframework.test.context.web.ServletTestExecutionListener.activateListener' -> true, 'org.springframework.test.context.web.ServletTestExecutionListener.populatedRequestContextHolder' -> true, 'org.springframework.test.context.web.ServletTestExecutionListener.resetRequestContextHolder' -> true, 'org.springframework.test.context.event.ApplicationEventsTestExecutionListener.recordApplicationEvents' -> false]]
2023-03-09 01:09:43.168  INFO 1904 --- [    Test worker] o.s.t.c.transaction.TransactionContext   : Began transaction (1) for test context [DefaultTestContext@751e7d99 testClass = OrderServiceTest, testInstance = jpashop.jpapractice.domain.service.OrderServiceTest@47cce306, testMethod = 상품주문@OrderServiceTest, testException = [null], mergedContextConfiguration = [WebMergedContextConfiguration@297c0311 testClass = OrderServiceTest, locations = '{}', classes = '{class jpashop.jpapractice.JpapracticeApplication}', contextInitializerClasses = '[]', activeProfiles = '{}', propertySourceLocations = '{}', propertySourceProperties = '{org.springframework.boot.test.context.SpringBootTestContextBootstrapper=true}', contextCustomizers = set[org.springframework.boot.test.autoconfigure.actuate.metrics.MetricsExportContextCustomizerFactory$DisableMetricExportContextCustomizer@5f9be66c, org.springframework.boot.test.autoconfigure.properties.PropertyMappingContextCustomizer@0, org.springframework.boot.test.autoconfigure.web.servlet.WebDriverContextCustomizerFactory$Customizer@54e7df6a, org.springframework.boot.test.context.filter.ExcludeFilterContextCustomizer@64bce832, org.springframework.boot.test.json.DuplicateJsonObjectContextCustomizerFactory$DuplicateJsonObjectContextCustomizer@7ae42ce3, org.springframework.boot.test.mock.mockito.MockitoContextCustomizer@0, org.springframework.boot.test.web.client.TestRestTemplateContextCustomizer@ab7395e, org.springframework.boot.test.context.SpringBootTestArgs@1, org.springframework.boot.test.context.SpringBootTestWebEnvironment@11c9af63], resourceBasePath = 'src/main/webapp', contextLoader = 'org.springframework.boot.test.context.SpringBootContextLoader', parent = [null]], attributes = map['org.springframework.test.context.web.ServletTestExecutionListener.activateListener' -> true, 'org.springframework.test.context.web.ServletTestExecutionListener.populatedRequestContextHolder' -> true, 'org.springframework.test.context.web.ServletTestExecutionListener.resetRequestContextHolder' -> true, 'org.springframework.test.context.event.ApplicationEventsTestExecutionListener.recordApplicationEvents' -> false]]; transaction manager [org.springframework.orm.jpa.JpaTransactionManager@7524125c]; rollback [true]
2023-03-09 01:09:43.169 DEBUG 1904 --- [    Test worker] org.hibernate.SQL                        : call next value for hibernate_sequence
2023-03-09 01:09:43.170  INFO 1904 --- [    Test worker] p6spy                                    : #1678291783170 | took 0ms | statement | connection 9| url jdbc:h2:tcp://localhost/~/jpapractice
call next value for hibernate_sequence
call next value for hibernate_sequence;
2023-03-09 01:09:43.170 DEBUG 1904 --- [    Test worker] org.hibernate.SQL                        : call next value for hibernate_sequence
2023-03-09 01:09:43.170  INFO 1904 --- [    Test worker] p6spy                                    : #1678291783170 | took 0ms | statement | connection 9| url jdbc:h2:tcp://localhost/~/jpapractice
call next value for hibernate_sequence
call next value for hibernate_sequence;
2023-03-09 01:09:43.171 DEBUG 1904 --- [    Test worker] org.hibernate.SQL                        : insert into member (created_date, updated_date, created_by, last_modified_by, city, street, zipcode, name, member_id) values (?, ?, ?, ?, ?, ?, ?, ?, ?)
2023-03-09 01:09:43.172  INFO 1904 --- [    Test worker] p6spy                                    : #1678291783172 | took 0ms | statement | connection 9| url jdbc:h2:tcp://localhost/~/jpapractice
insert into member (created_date, updated_date, created_by, last_modified_by, city, street, zipcode, name, member_id) values (?, ?, ?, ?, ?, ?, ?, ?, ?)
insert into member (created_date, updated_date, created_by, last_modified_by, city, street, zipcode, name, member_id) values ('2023-03-09T01:09:43.169+0900', '2023-03-09T01:09:43.169+0900', NULL, NULL, '서울', '강가', '123-123', '회원1', 20);
2023-03-09 01:09:43.172 DEBUG 1904 --- [    Test worker] org.hibernate.SQL                        : insert into item (name, price, stock_quantity, author, isbn, dtype, item_id) values (?, ?, ?, ?, ?, 'Book', ?)
2023-03-09 01:09:43.172  INFO 1904 --- [    Test worker] p6spy                                    : #1678291783172 | took 0ms | statement | connection 9| url jdbc:h2:tcp://localhost/~/jpapractice
insert into item (name, price, stock_quantity, author, isbn, dtype, item_id) values (?, ?, ?, ?, ?, 'Book', ?)
insert into item (name, price, stock_quantity, author, isbn, dtype, item_id) values ('시골 JPA', 10000, 10, NULL, NULL, 'Book', 21);
2023-03-09 01:09:43.172 DEBUG 1904 --- [    Test worker] org.hibernate.SQL                        : select member0_.member_id as member_i1_4_, member0_.created_date as created_2_4_, member0_.updated_date as updated_3_4_, member0_.created_by as created_4_4_, member0_.last_modified_by as last_mod5_4_, member0_.city as city6_4_, member0_.street as street7_4_, member0_.zipcode as zipcode8_4_, member0_.name as name9_4_ from member member0_ where member0_.member_id=?
2023-03-09 01:09:43.173  INFO 1904 --- [    Test worker] p6spy                                    : #1678291783173 | took 0ms | statement | connection 9| url jdbc:h2:tcp://localhost/~/jpapractice
select member0_.member_id as member_i1_4_, member0_.created_date as created_2_4_, member0_.updated_date as updated_3_4_, member0_.created_by as created_4_4_, member0_.last_modified_by as last_mod5_4_, member0_.city as city6_4_, member0_.street as street7_4_, member0_.zipcode as zipcode8_4_, member0_.name as name9_4_ from member member0_ where member0_.member_id=?
select member0_.member_id as member_i1_4_, member0_.created_date as created_2_4_, member0_.updated_date as updated_3_4_, member0_.created_by as created_4_4_, member0_.last_modified_by as last_mod5_4_, member0_.city as city6_4_, member0_.street as street7_4_, member0_.zipcode as zipcode8_4_, member0_.name as name9_4_ from member member0_ where member0_.member_id=20;
2023-03-09 01:09:43.173 DEBUG 1904 --- [    Test worker] org.hibernate.SQL                        : select item0_.item_id as item_id2_3_, item0_.name as name3_3_, item0_.price as price4_3_, item0_.stock_quantity as stock_qu5_3_, item0_.artist as artist6_3_, item0_.etc as etc7_3_, item0_.author as author8_3_, item0_.isbn as isbn9_3_, item0_.actor as actor10_3_, item0_.director as directo11_3_, item0_.dtype as dtype1_3_ from item item0_ where item0_.item_id=?
2023-03-09 01:09:43.174  INFO 1904 --- [    Test worker] p6spy                                    : #1678291783174 | took 0ms | statement | connection 9| url jdbc:h2:tcp://localhost/~/jpapractice
select item0_.item_id as item_id2_3_, item0_.name as name3_3_, item0_.price as price4_3_, item0_.stock_quantity as stock_qu5_3_, item0_.artist as artist6_3_, item0_.etc as etc7_3_, item0_.author as author8_3_, item0_.isbn as isbn9_3_, item0_.actor as actor10_3_, item0_.director as directo11_3_, item0_.dtype as dtype1_3_ from item item0_ where item0_.item_id=?
select item0_.item_id as item_id2_3_, item0_.name as name3_3_, item0_.price as price4_3_, item0_.stock_quantity as stock_qu5_3_, item0_.artist as artist6_3_, item0_.etc as etc7_3_, item0_.author as author8_3_, item0_.isbn as isbn9_3_, item0_.actor as actor10_3_, item0_.director as directo11_3_, item0_.dtype as dtype1_3_ from item item0_ where item0_.item_id=21;
2023-03-09 01:09:43.175 DEBUG 1904 --- [    Test worker] org.hibernate.SQL                        : call next value for hibernate_sequence
2023-03-09 01:09:43.175  INFO 1904 --- [    Test worker] p6spy                                    : #1678291783175 | took 0ms | statement | connection 9| url jdbc:h2:tcp://localhost/~/jpapractice
call next value for hibernate_sequence
call next value for hibernate_sequence;
2023-03-09 01:09:43.175 DEBUG 1904 --- [    Test worker] org.hibernate.SQL                        : call next value for hibernate_sequence
2023-03-09 01:09:43.175  INFO 1904 --- [    Test worker] p6spy                                    : #1678291783175 | took 0ms | statement | connection 9| url jdbc:h2:tcp://localhost/~/jpapractice
call next value for hibernate_sequence
call next value for hibernate_sequence;
2023-03-09 01:09:43.176 DEBUG 1904 --- [    Test worker] org.hibernate.SQL                        : call next value for hibernate_sequence
2023-03-09 01:09:43.176  INFO 1904 --- [    Test worker] p6spy                                    : #1678291783176 | took 0ms | statement | connection 9| url jdbc:h2:tcp://localhost/~/jpapractice
call next value for hibernate_sequence
call next value for hibernate_sequence;
2023-03-09 01:09:43.181  INFO 1904 --- [    Test worker] p6spy                                    : #1678291783181 | took 0ms | rollback | connection 9| url jdbc:h2:tcp://localhost/~/jpapractice

;
2023-03-09 01:09:43.181  INFO 1904 --- [    Test worker] o.s.t.c.transaction.TransactionContext   : Rolled back transaction for test: [DefaultTestContext@751e7d99 testClass = OrderServiceTest, testInstance = jpashop.jpapractice.domain.service.OrderServiceTest@47cce306, testMethod = 상품주문@OrderServiceTest, testException = [null], mergedContextConfiguration = [WebMergedContextConfiguration@297c0311 testClass = OrderServiceTest, locations = '{}', classes = '{class jpashop.jpapractice.JpapracticeApplication}', contextInitializerClasses = '[]', activeProfiles = '{}', propertySourceLocations = '{}', propertySourceProperties = '{org.springframework.boot.test.context.SpringBootTestContextBootstrapper=true}', contextCustomizers = set[org.springframework.boot.test.autoconfigure.actuate.metrics.MetricsExportContextCustomizerFactory$DisableMetricExportContextCustomizer@5f9be66c, org.springframework.boot.test.autoconfigure.properties.PropertyMappingContextCustomizer@0, org.springframework.boot.test.autoconfigure.web.servlet.WebDriverContextCustomizerFactory$Customizer@54e7df6a, org.springframework.boot.test.context.filter.ExcludeFilterContextCustomizer@64bce832, org.springframework.boot.test.json.DuplicateJsonObjectContextCustomizerFactory$DuplicateJsonObjectContextCustomizer@7ae42ce3, org.springframework.boot.test.mock.mockito.MockitoContextCustomizer@0, org.springframework.boot.test.web.client.TestRestTemplateContextCustomizer@ab7395e, org.springframework.boot.test.context.SpringBootTestArgs@1, org.springframework.boot.test.context.SpringBootTestWebEnvironment@11c9af63], resourceBasePath = 'src/main/webapp', contextLoader = 'org.springframework.boot.test.context.SpringBootContextLoader', parent = [null]], attributes = map['org.springframework.test.context.web.ServletTestExecutionListener.activateListener' -> true, 'org.springframework.test.context.web.ServletTestExecutionListener.populatedRequestContextHolder' -> true, 'org.springframework.test.context.web.ServletTestExecutionListener.resetRequestContextHolder' -> true, 'org.springframework.test.context.event.ApplicationEventsTestExecutionListener.recordApplicationEvents' -> false]]
2023-03-09 01:09:43.182  INFO 1904 --- [    Test worker] o.s.t.c.transaction.TransactionContext   : Began transaction (1) for test context [DefaultTestContext@751e7d99 testClass = OrderServiceTest, testInstance = jpashop.jpapractice.domain.service.OrderServiceTest@36117f63, testMethod = 주문취소@OrderServiceTest, testException = [null], mergedContextConfiguration = [WebMergedContextConfiguration@297c0311 testClass = OrderServiceTest, locations = '{}', classes = '{class jpashop.jpapractice.JpapracticeApplication}', contextInitializerClasses = '[]', activeProfiles = '{}', propertySourceLocations = '{}', propertySourceProperties = '{org.springframework.boot.test.context.SpringBootTestContextBootstrapper=true}', contextCustomizers = set[org.springframework.boot.test.autoconfigure.actuate.metrics.MetricsExportContextCustomizerFactory$DisableMetricExportContextCustomizer@5f9be66c, org.springframework.boot.test.autoconfigure.properties.PropertyMappingContextCustomizer@0, org.springframework.boot.test.autoconfigure.web.servlet.WebDriverContextCustomizerFactory$Customizer@54e7df6a, org.springframework.boot.test.context.filter.ExcludeFilterContextCustomizer@64bce832, org.springframework.boot.test.json.DuplicateJsonObjectContextCustomizerFactory$DuplicateJsonObjectContextCustomizer@7ae42ce3, org.springframework.boot.test.mock.mockito.MockitoContextCustomizer@0, org.springframework.boot.test.web.client.TestRestTemplateContextCustomizer@ab7395e, org.springframework.boot.test.context.SpringBootTestArgs@1, org.springframework.boot.test.context.SpringBootTestWebEnvironment@11c9af63], resourceBasePath = 'src/main/webapp', contextLoader = 'org.springframework.boot.test.context.SpringBootContextLoader', parent = [null]], attributes = map['org.springframework.test.context.web.ServletTestExecutionListener.activateListener' -> true, 'org.springframework.test.context.web.ServletTestExecutionListener.populatedRequestContextHolder' -> true, 'org.springframework.test.context.web.ServletTestExecutionListener.resetRequestContextHolder' -> true, 'org.springframework.test.context.event.ApplicationEventsTestExecutionListener.recordApplicationEvents' -> false]]; transaction manager [org.springframework.orm.jpa.JpaTransactionManager@7524125c]; rollback [true]
2023-03-09 01:09:43.183 DEBUG 1904 --- [    Test worker] org.hibernate.SQL                        : call next value for hibernate_sequence
2023-03-09 01:09:43.184  INFO 1904 --- [    Test worker] p6spy                                    : #1678291783184 | took 0ms | statement | connection 10| url jdbc:h2:tcp://localhost/~/jpapractice
call next value for hibernate_sequence
call next value for hibernate_sequence;
2023-03-09 01:09:43.184 DEBUG 1904 --- [    Test worker] org.hibernate.SQL                        : call next value for hibernate_sequence
2023-03-09 01:09:43.184  INFO 1904 --- [    Test worker] p6spy                                    : #1678291783184 | took 0ms | statement | connection 10| url jdbc:h2:tcp://localhost/~/jpapractice
call next value for hibernate_sequence
call next value for hibernate_sequence;
2023-03-09 01:09:43.185 DEBUG 1904 --- [    Test worker] org.hibernate.SQL                        : insert into member (created_date, updated_date, created_by, last_modified_by, city, street, zipcode, name, member_id) values (?, ?, ?, ?, ?, ?, ?, ?, ?)
2023-03-09 01:09:43.185  INFO 1904 --- [    Test worker] p6spy                                    : #1678291783185 | took 0ms | statement | connection 10| url jdbc:h2:tcp://localhost/~/jpapractice
insert into member (created_date, updated_date, created_by, last_modified_by, city, street, zipcode, name, member_id) values (?, ?, ?, ?, ?, ?, ?, ?, ?)
insert into member (created_date, updated_date, created_by, last_modified_by, city, street, zipcode, name, member_id) values ('2023-03-09T01:09:43.183+0900', '2023-03-09T01:09:43.183+0900', NULL, NULL, '서울', '강가', '123-123', '회원1', 25);
2023-03-09 01:09:43.186 DEBUG 1904 --- [    Test worker] org.hibernate.SQL                        : insert into item (name, price, stock_quantity, author, isbn, dtype, item_id) values (?, ?, ?, ?, ?, 'Book', ?)
2023-03-09 01:09:43.186  INFO 1904 --- [    Test worker] p6spy                                    : #1678291783186 | took 0ms | statement | connection 10| url jdbc:h2:tcp://localhost/~/jpapractice
insert into item (name, price, stock_quantity, author, isbn, dtype, item_id) values (?, ?, ?, ?, ?, 'Book', ?)
insert into item (name, price, stock_quantity, author, isbn, dtype, item_id) values ('시골 JPA', 10000, 10, NULL, NULL, 'Book', 26);
2023-03-09 01:09:43.186 DEBUG 1904 --- [    Test worker] org.hibernate.SQL                        : select member0_.member_id as member_i1_4_, member0_.created_date as created_2_4_, member0_.updated_date as updated_3_4_, member0_.created_by as created_4_4_, member0_.last_modified_by as last_mod5_4_, member0_.city as city6_4_, member0_.street as street7_4_, member0_.zipcode as zipcode8_4_, member0_.name as name9_4_ from member member0_ where member0_.member_id=?
2023-03-09 01:09:43.187  INFO 1904 --- [    Test worker] p6spy                                    : #1678291783187 | took 0ms | statement | connection 10| url jdbc:h2:tcp://localhost/~/jpapractice
select member0_.member_id as member_i1_4_, member0_.created_date as created_2_4_, member0_.updated_date as updated_3_4_, member0_.created_by as created_4_4_, member0_.last_modified_by as last_mod5_4_, member0_.city as city6_4_, member0_.street as street7_4_, member0_.zipcode as zipcode8_4_, member0_.name as name9_4_ from member member0_ where member0_.member_id=?
select member0_.member_id as member_i1_4_, member0_.created_date as created_2_4_, member0_.updated_date as updated_3_4_, member0_.created_by as created_4_4_, member0_.last_modified_by as last_mod5_4_, member0_.city as city6_4_, member0_.street as street7_4_, member0_.zipcode as zipcode8_4_, member0_.name as name9_4_ from member member0_ where member0_.member_id=25;
2023-03-09 01:09:43.188 DEBUG 1904 --- [    Test worker] org.hibernate.SQL                        : select item0_.item_id as item_id2_3_, item0_.name as name3_3_, item0_.price as price4_3_, item0_.stock_quantity as stock_qu5_3_, item0_.artist as artist6_3_, item0_.etc as etc7_3_, item0_.author as author8_3_, item0_.isbn as isbn9_3_, item0_.actor as actor10_3_, item0_.director as directo11_3_, item0_.dtype as dtype1_3_ from item item0_ where item0_.item_id=?
2023-03-09 01:09:43.188  INFO 1904 --- [    Test worker] p6spy                                    : #1678291783188 | took 0ms | statement | connection 10| url jdbc:h2:tcp://localhost/~/jpapractice
select item0_.item_id as item_id2_3_, item0_.name as name3_3_, item0_.price as price4_3_, item0_.stock_quantity as stock_qu5_3_, item0_.artist as artist6_3_, item0_.etc as etc7_3_, item0_.author as author8_3_, item0_.isbn as isbn9_3_, item0_.actor as actor10_3_, item0_.director as directo11_3_, item0_.dtype as dtype1_3_ from item item0_ where item0_.item_id=?
select item0_.item_id as item_id2_3_, item0_.name as name3_3_, item0_.price as price4_3_, item0_.stock_quantity as stock_qu5_3_, item0_.artist as artist6_3_, item0_.etc as etc7_3_, item0_.author as author8_3_, item0_.isbn as isbn9_3_, item0_.actor as actor10_3_, item0_.director as directo11_3_, item0_.dtype as dtype1_3_ from item item0_ where item0_.item_id=26;
2023-03-09 01:09:43.189 DEBUG 1904 --- [    Test worker] org.hibernate.SQL                        : call next value for hibernate_sequence
2023-03-09 01:09:43.189  INFO 1904 --- [    Test worker] p6spy                                    : #1678291783189 | took 0ms | statement | connection 10| url jdbc:h2:tcp://localhost/~/jpapractice
call next value for hibernate_sequence
call next value for hibernate_sequence;
2023-03-09 01:09:43.189 DEBUG 1904 --- [    Test worker] org.hibernate.SQL                        : call next value for hibernate_sequence
2023-03-09 01:09:43.190  INFO 1904 --- [    Test worker] p6spy                                    : #1678291783190 | took 0ms | statement | connection 10| url jdbc:h2:tcp://localhost/~/jpapractice
call next value for hibernate_sequence
call next value for hibernate_sequence;
2023-03-09 01:09:43.190 DEBUG 1904 --- [    Test worker] org.hibernate.SQL                        : call next value for hibernate_sequence
2023-03-09 01:09:43.190  INFO 1904 --- [    Test worker] p6spy                                    : #1678291783190 | took 0ms | statement | connection 10| url jdbc:h2:tcp://localhost/~/jpapractice
call next value for hibernate_sequence
call next value for hibernate_sequence;
2023-03-09 01:09:43.192 DEBUG 1904 --- [    Test worker] org.hibernate.SQL                        : insert into delivery (city, street, zipcode, delivery_status, delivery_id) values (?, ?, ?, ?, ?)
2023-03-09 01:09:43.193  INFO 1904 --- [    Test worker] p6spy                                    : #1678291783193 | took 0ms | statement | connection 10| url jdbc:h2:tcp://localhost/~/jpapractice
insert into delivery (city, street, zipcode, delivery_status, delivery_id) values (?, ?, ?, ?, ?)
insert into delivery (city, street, zipcode, delivery_status, delivery_id) values ('서울', '강가', '123-123', 'READY', 28);
2023-03-09 01:09:43.193 DEBUG 1904 --- [    Test worker] org.hibernate.SQL                        : insert into orders (delivery_id, member_id, order_date, status, order_id) values (?, ?, ?, ?, ?)
2023-03-09 01:09:43.193  INFO 1904 --- [    Test worker] p6spy                                    : #1678291783193 | took 0ms | statement | connection 10| url jdbc:h2:tcp://localhost/~/jpapractice
insert into orders (delivery_id, member_id, order_date, status, order_id) values (?, ?, ?, ?, ?)
insert into orders (delivery_id, member_id, order_date, status, order_id) values (28, 25, '2023-03-09T01:09:43.189+0900', 'ORDER', 27);
2023-03-09 01:09:43.194 DEBUG 1904 --- [    Test worker] org.hibernate.SQL                        : insert into order_item (count, item_id, order_id, order_price, oder_item_id) values (?, ?, ?, ?, ?)
2023-03-09 01:09:43.194  INFO 1904 --- [    Test worker] p6spy                                    : #1678291783194 | took 0ms | statement | connection 10| url jdbc:h2:tcp://localhost/~/jpapractice
insert into order_item (count, item_id, order_id, order_price, oder_item_id) values (?, ?, ?, ?, ?)
insert into order_item (count, item_id, order_id, order_price, oder_item_id) values (2, 26, 27, 10000, 29);
2023-03-09 01:09:43.194 DEBUG 1904 --- [    Test worker] org.hibernate.SQL                        : update item set name=?, price=?, stock_quantity=?, author=?, isbn=? where item_id=?
2023-03-09 01:09:43.195  INFO 1904 --- [    Test worker] p6spy                                    : #1678291783195 | took 0ms | statement | connection 10| url jdbc:h2:tcp://localhost/~/jpapractice
update item set name=?, price=?, stock_quantity=?, author=?, isbn=? where item_id=?
update item set name='시골 JPA', price=10000, stock_quantity=8, author=NULL, isbn=NULL where item_id=26;
2023-03-09 01:09:43.196 DEBUG 1904 --- [    Test worker] org.hibernate.SQL                        : select order0_.order_id as order_id1_6_, order0_.delivery_id as delivery4_6_, order0_.member_id as member_i5_6_, order0_.order_date as order_da2_6_, order0_.status as status3_6_ from orders order0_ where order0_.order_id=?
2023-03-09 01:09:43.197  INFO 1904 --- [    Test worker] p6spy                                    : #1678291783197 | took 0ms | statement | connection 10| url jdbc:h2:tcp://localhost/~/jpapractice
select order0_.order_id as order_id1_6_, order0_.delivery_id as delivery4_6_, order0_.member_id as member_i5_6_, order0_.order_date as order_da2_6_, order0_.status as status3_6_ from orders order0_ where order0_.order_id=?
select order0_.order_id as order_id1_6_, order0_.delivery_id as delivery4_6_, order0_.member_id as member_i5_6_, order0_.order_date as order_da2_6_, order0_.status as status3_6_ from orders order0_ where order0_.order_id=27;
2023-03-09 01:09:43.198  INFO 1904 --- [    Test worker] p6spy                                    : #1678291783198 | took 0ms | rollback | connection 10| url jdbc:h2:tcp://localhost/~/jpapractice

;
2023-03-09 01:09:43.199  INFO 1904 --- [    Test worker] o.s.t.c.transaction.TransactionContext   : Rolled back transaction for test: [DefaultTestContext@751e7d99 testClass = OrderServiceTest, testInstance = jpashop.jpapractice.domain.service.OrderServiceTest@36117f63, testMethod = 주문취소@OrderServiceTest, testException = [null], mergedContextConfiguration = [WebMergedContextConfiguration@297c0311 testClass = OrderServiceTest, locations = '{}', classes = '{class jpashop.jpapractice.JpapracticeApplication}', contextInitializerClasses = '[]', activeProfiles = '{}', propertySourceLocations = '{}', propertySourceProperties = '{org.springframework.boot.test.context.SpringBootTestContextBootstrapper=true}', contextCustomizers = set[org.springframework.boot.test.autoconfigure.actuate.metrics.MetricsExportContextCustomizerFactory$DisableMetricExportContextCustomizer@5f9be66c, org.springframework.boot.test.autoconfigure.properties.PropertyMappingContextCustomizer@0, org.springframework.boot.test.autoconfigure.web.servlet.WebDriverContextCustomizerFactory$Customizer@54e7df6a, org.springframework.boot.test.context.filter.ExcludeFilterContextCustomizer@64bce832, org.springframework.boot.test.json.DuplicateJsonObjectContextCustomizerFactory$DuplicateJsonObjectContextCustomizer@7ae42ce3, org.springframework.boot.test.mock.mockito.MockitoContextCustomizer@0, org.springframework.boot.test.web.client.TestRestTemplateContextCustomizer@ab7395e, org.springframework.boot.test.context.SpringBootTestArgs@1, org.springframework.boot.test.context.SpringBootTestWebEnvironment@11c9af63], resourceBasePath = 'src/main/webapp', contextLoader = 'org.springframework.boot.test.context.SpringBootContextLoader', parent = [null]], attributes = map['org.springframework.test.context.web.ServletTestExecutionListener.activateListener' -> true, 'org.springframework.test.context.web.ServletTestExecutionListener.populatedRequestContextHolder' -> true, 'org.springframework.test.context.web.ServletTestExecutionListener.resetRequestContextHolder' -> true, 'org.springframework.test.context.event.ApplicationEventsTestExecutionListener.recordApplicationEvents' -> false]]
]]></system-out>
  <system-err><![CDATA[]]></system-err>
</testsuite>
